<?xml version="1.0" encoding="UTF-8"?>
<!-- Generated by org.testng.reporters.JUnitXMLReporter -->
<testsuite hostname="ubuntu" name="Command line test" tests="4" failures="2" timestamp="10 Jul 2013 10:52:41 GMT" time="25.617" errors="0">
  <testcase name="testAbraxas1" time="9.394" classname="seleniumTests.RemoteSetupAbraxas"/>
  <testcase name="testAbraxas2" time="4.204" classname="seleniumTests.RemoteSetupAbraxas"/>
  <testcase name="testAbraxas3" time="6.159" classname="seleniumTests.RemoteSetupAbraxas">
    <failure type="java.lang.AssertionError" message="expected [G端nstig kaufen &amp;amp; verkaufen bei eBay.ch - dem Schweizer Online-Marktplatz] but found [Home :: abraxas.ch]">
      <![CDATA[java.lang.AssertionError: expected [G端nstig kaufen & verkaufen bei eBay.ch - dem Schweizer Online-Marktplatz] but found [Home :: abraxas.ch]
	at seleniumTests.RemoteSetupAbraxas.testAbraxas3(RemoteSetupAbraxas.java:108)
	at org.apache.maven.surefire.testng.TestNGExecutor.run(TestNGExecutor.java:70)
	at org.apache.maven.surefire.testng.TestNGDirectoryTestSuite.execute(TestNGDirectoryTestSuite.java:109)
	at org.apache.maven.surefire.testng.TestNGProvider.invoke(TestNGProvider.java:111)
	at org.apache.maven.surefire.util.ReflectionUtils.invokeMethodWithArray(ReflectionUtils.java:164)
	at org.apache.maven.surefire.booter.ProviderFactory$ProviderProxy.invoke(ProviderFactory.java:110)
	at org.apache.maven.surefire.booter.SurefireStarter.invokeProvider(SurefireStarter.java:175)
	at org.apache.maven.surefire.booter.SurefireStarter.runSuitesInProcessWhenForked(SurefireStarter.java:107)
	at org.apache.maven.surefire.booter.ForkedBooter.main(ForkedBooter.java:68)
... Removed 30 stack frames]]>
    </failure>
  </testcase> <!-- testAbraxas3 -->
  <testcase name="testAbraxas4" time="5.795" classname="seleniumTests.RemoteSetupAbraxas">
    <failure type="java.lang.AssertionError" message="expected [G端nstig kaufen &amp;amp; verkaufen bei eBay.ch - dem Schweizer Online-Marktplatz] but found [Home :: abraxas.ch]">
      <![CDATA[java.lang.AssertionError: expected [G端nstig kaufen & verkaufen bei eBay.ch - dem Schweizer Online-Marktplatz] but found [Home :: abraxas.ch]
	at seleniumTests.RemoteSetupAbraxas.testAbraxas4(RemoteSetupAbraxas.java:134)
	at org.apache.maven.surefire.testng.TestNGExecutor.run(TestNGExecutor.java:70)
	at org.apache.maven.surefire.testng.TestNGDirectoryTestSuite.execute(TestNGDirectoryTestSuite.java:109)
	at org.apache.maven.surefire.testng.TestNGProvider.invoke(TestNGProvider.java:111)
	at org.apache.maven.surefire.util.ReflectionUtils.invokeMethodWithArray(ReflectionUtils.java:164)
	at org.apache.maven.surefire.booter.ProviderFactory$ProviderProxy.invoke(ProviderFactory.java:110)
	at org.apache.maven.surefire.booter.SurefireStarter.invokeProvider(SurefireStarter.java:175)
	at org.apache.maven.surefire.booter.SurefireStarter.runSuitesInProcessWhenForked(SurefireStarter.java:107)
	at org.apache.maven.surefire.booter.ForkedBooter.main(ForkedBooter.java:68)
... Removed 30 stack frames]]>
    </failure>
  </testcase> <!-- testAbraxas4 -->
</testsuite> <!-- Command line test -->
