<html>
<head>
<title>TestNG:  Regression1</title>
<link href="../testng.css" rel="stylesheet" type="text/css" />
<link href="../my-testng.css" rel="stylesheet" type="text/css" />

<style type="text/css">
.log { display: none;} 
.stack-trace { display: none;} 
</style>
<script type="text/javascript">
<!--
function flip(e) {
  current = e.style.display;
  if (current == 'block') {
    e.style.display = 'none';
    return 0;
  }
  else {
    e.style.display = 'block';
    return 1;
  }
}

function toggleBox(szDivId, elem, msg1, msg2)
{
  var res = -1;  if (document.getElementById) {
    res = flip(document.getElementById(szDivId));
  }
  else if (document.all) {
    // this is the way old msie versions work
    res = flip(document.all[szDivId]);
  }
  if(elem) {
    if(res == 0) elem.innerHTML = msg1; else elem.innerHTML = msg2;
  }

}

function toggleAllBoxes() {
  if (document.getElementsByTagName) {
    d = document.getElementsByTagName('div');
    for (i = 0; i < d.length; i++) {
      if (d[i].className == 'log') {
        flip(d[i]);
      }
    }
  }
}

// -->
</script>

</head>
<body>
<h2 align='center'>Regression1</h2><table border='1' align="center">
<tr>
<td>Tests passed/Failed/Skipped:</td><td>2/2/0</td>
</tr><tr>
<td>Started on:</td><td>Wed Jul 10 03:53:52 PDT 2013</td>
</tr>
<tr><td>Total time:</td><td>14 seconds (14397 ms)</td>
</tr><tr>
<td>Included groups:</td><td></td>
</tr><tr>
<td>Excluded groups:</td><td></td>
</tr>
</table><p/>
<small><i>(Hover the method name to see the test class name)</i></small><p/>
<table width='100%' border='1' class='invocation-failed'>
<tr><td colspan='4' align='center'><b>FAILED TESTS</b></td></tr>
<tr><td><b>Test method</b></td>
<td width="30%"><b>Exception</b></td>
<td width="10%"><b>Time (seconds)</b></td>
<td><b>Instance</b></td>
</tr>
<tr>
<td title='seleniumTests.RemoteSetupAbraxas.testAbraxas3()'><b>testAbraxas3</b><br>Test class: seleniumTests.RemoteSetupAbraxas</td>
<td><div><pre>java.lang.AssertionError: expected [Günstig kaufen &amp; verkaufen bei eBay.ch - dem Schweizer Online-Marktplatz] but found [Home :: abraxas.ch]
	at seleniumTests.RemoteSetupAbraxas.testAbraxas3(RemoteSetupAbraxas.java:108)
	at java.util.concurrent.ThreadPoolExecutor.runWorker(ThreadPoolExecutor.java:1145)
	at java.util.concurrent.ThreadPoolExecutor$Worker.run(ThreadPoolExecutor.java:615)
	at java.lang.Thread.run(Thread.java:722)
... Removed 15 stack frames</pre></div><a href='#' onClick='toggleBox("stack-trace4207203", this, "Click to show all stack frames", "Click to hide stack frames")'>Click to show all stack frames</a>
<div class='stack-trace' id='stack-trace4207203'><pre>java.lang.AssertionError: expected [Günstig kaufen &amp; verkaufen bei eBay.ch - dem Schweizer Online-Marktplatz] but found [Home :: abraxas.ch]
	at org.testng.Assert.fail(Assert.java:94)
	at org.testng.Assert.failNotEquals(Assert.java:494)
	at org.testng.Assert.assertEquals(Assert.java:123)
	at org.testng.Assert.assertEquals(Assert.java:176)
	at org.testng.Assert.assertEquals(Assert.java:186)
	at seleniumTests.RemoteSetupAbraxas.testAbraxas3(RemoteSetupAbraxas.java:108)
	at sun.reflect.NativeMethodAccessorImpl.invoke0(Native Method)
	at sun.reflect.NativeMethodAccessorImpl.invoke(NativeMethodAccessorImpl.java:57)
	at sun.reflect.DelegatingMethodAccessorImpl.invoke(DelegatingMethodAccessorImpl.java:43)
	at java.lang.reflect.Method.invoke(Method.java:601)
	at org.testng.internal.MethodInvocationHelper.invokeMethod(MethodInvocationHelper.java:80)
	at org.testng.internal.Invoker.invokeMethod(Invoker.java:714)
	at org.testng.internal.Invoker.invokeTestMethod(Invoker.java:901)
	at org.testng.internal.Invoker.invokeTestMethods(Invoker.java:1231)
	at org.testng.internal.TestMethodWorker.invokeTestMethods(TestMethodWorker.java:127)
	at org.testng.internal.TestMethodWorker.run(TestMethodWorker.java:111)
	at java.util.concurrent.ThreadPoolExecutor.runWorker(ThreadPoolExecutor.java:1145)
	at java.util.concurrent.ThreadPoolExecutor$Worker.run(ThreadPoolExecutor.java:615)
	at java.lang.Thread.run(Thread.java:722)
</pre></div></td>
<td>8</td>
<td>seleniumTests.RemoteSetupAbraxas@90affe</td></tr>
<tr>
<td title='seleniumTests.RemoteSetupAbraxas.testAbraxas4()'><b>testAbraxas4</b><br>Test class: seleniumTests.RemoteSetupAbraxas</td>
<td><div><pre>java.lang.AssertionError: expected [Günstig kaufen &amp; verkaufen bei eBay.ch - dem Schweizer Online-Marktplatz] but found [Home :: abraxas.ch]
	at seleniumTests.RemoteSetupAbraxas.testAbraxas4(RemoteSetupAbraxas.java:134)
	at java.util.concurrent.ThreadPoolExecutor.runWorker(ThreadPoolExecutor.java:1145)
	at java.util.concurrent.ThreadPoolExecutor$Worker.run(ThreadPoolExecutor.java:615)
	at java.lang.Thread.run(Thread.java:722)
... Removed 15 stack frames</pre></div><a href='#' onClick='toggleBox("stack-trace13236072", this, "Click to show all stack frames", "Click to hide stack frames")'>Click to show all stack frames</a>
<div class='stack-trace' id='stack-trace13236072'><pre>java.lang.AssertionError: expected [Günstig kaufen &amp; verkaufen bei eBay.ch - dem Schweizer Online-Marktplatz] but found [Home :: abraxas.ch]
	at org.testng.Assert.fail(Assert.java:94)
	at org.testng.Assert.failNotEquals(Assert.java:494)
	at org.testng.Assert.assertEquals(Assert.java:123)
	at org.testng.Assert.assertEquals(Assert.java:176)
	at org.testng.Assert.assertEquals(Assert.java:186)
	at seleniumTests.RemoteSetupAbraxas.testAbraxas4(RemoteSetupAbraxas.java:134)
	at sun.reflect.NativeMethodAccessorImpl.invoke0(Native Method)
	at sun.reflect.NativeMethodAccessorImpl.invoke(NativeMethodAccessorImpl.java:57)
	at sun.reflect.DelegatingMethodAccessorImpl.invoke(DelegatingMethodAccessorImpl.java:43)
	at java.lang.reflect.Method.invoke(Method.java:601)
	at org.testng.internal.MethodInvocationHelper.invokeMethod(MethodInvocationHelper.java:80)
	at org.testng.internal.Invoker.invokeMethod(Invoker.java:714)
	at org.testng.internal.Invoker.invokeTestMethod(Invoker.java:901)
	at org.testng.internal.Invoker.invokeTestMethods(Invoker.java:1231)
	at org.testng.internal.TestMethodWorker.invokeTestMethods(TestMethodWorker.java:127)
	at org.testng.internal.TestMethodWorker.run(TestMethodWorker.java:111)
	at java.util.concurrent.ThreadPoolExecutor.runWorker(ThreadPoolExecutor.java:1145)
	at java.util.concurrent.ThreadPoolExecutor$Worker.run(ThreadPoolExecutor.java:615)
	at java.lang.Thread.run(Thread.java:722)
</pre></div></td>
<td>11</td>
<td>seleniumTests.RemoteSetupAbraxas@90affe</td></tr>
</table><p>
<table width='100%' border='1' class='invocation-passed'>
<tr><td colspan='4' align='center'><b>PASSED TESTS</b></td></tr>
<tr><td><b>Test method</b></td>
<td width="30%"><b>Exception</b></td>
<td width="10%"><b>Time (seconds)</b></td>
<td><b>Instance</b></td>
</tr>
<tr>
<td title='seleniumTests.RemoteSetupAbraxas.testAbraxas1()'><b>testAbraxas1</b><br>Test class: seleniumTests.RemoteSetupAbraxas<br/>
<a href="#Output-14643766" onClick='toggleBox("Output-14643766", this, "Show output", "Hide output");'>Show output</a>

<a href="#Output-14643766" onClick="toggleAllBoxes();">Show all outputs</a>
<div class='log' id="Output-14643766">
Screenshot of page: <b>Günstig kaufen & verkaufen bei eBay.ch - dem Schweizer Online-Marktplatz</b> at http://www.ebay.ch/<br/>
<br> <img src=/home/gridfusion/SeleniumTraining/screenshots/screenshot2149869453216043422.png width="320" height="240" /> <br><br/>
</div>
</td>
<td></td>
<td>14</td>
<td>seleniumTests.RemoteSetupAbraxas@90affe</td></tr>
<tr>
<td title='seleniumTests.RemoteSetupAbraxas.testAbraxas2()'><b>testAbraxas2</b><br>Test class: seleniumTests.RemoteSetupAbraxas<br/>
<a href="#Output-30513347" onClick='toggleBox("Output-30513347", this, "Show output", "Hide output");'>Show output</a>

<a href="#Output-30513347" onClick="toggleAllBoxes();">Show all outputs</a>
<div class='log' id="Output-30513347">
Entering homepage now<br/>
making the assertion now<br/>
Screenshot of page: <b>Home :: abraxas.ch</b> at http://www.abraxas.ch/<br/>
<br> <img src=/home/gridfusion/SeleniumTraining/screenshots/screenshot6139309109026562766.png width="320" height="240" /> <br><br/>
</div>
</td>
<td></td>
<td>4</td>
<td>seleniumTests.RemoteSetupAbraxas@90affe</td></tr>
</table><p>
</body>
</html>