<?xml version="1.0" encoding="UTF-8"?>
<!-- Generated by org.testng.reporters.JUnitXMLReporter -->
<testsuite hostname="ubuntu" name="Command line test" tests="57" failures="2" timestamp="9 Jun 2013 19:15:34 GMT" time="33.427" errors="0">
  <testcase name="myFirstTestngTest" time="0.008" classname="testng.TestngBasicTests"/>
  <testcase name="myFirstTestngTest" time="0.01" classname="testng.TestngBasicTests"/>
  <testcase name="myFirstTestngTest" time="0.013" classname="testng.TestngBasicTests"/>
  <testcase name="myFirstTestngTest" time="0.0" classname="testng.TestngBasicTests"/>
  <testcase name="myFirstTestngTest" time="0.001" classname="testng.TestngBasicTests"/>
  <testcase name="myFirstTestngTest" time="0.001" classname="testng.TestngBasicTests"/>
  <testcase name="myFirstTestngTest" time="0.0" classname="testng.TestngBasicTests"/>
  <testcase name="myFirstTestngTest" time="0.0" classname="testng.TestngBasicTests"/>
  <testcase name="myFirstTestngTest" time="0.001" classname="testng.TestngBasicTests"/>
  <testcase name="myFirstTestngTest" time="0.0" classname="testng.TestngBasicTests"/>
  <testcase name="myFirstTestngTest" time="0.001" classname="testng.TestngBasicTests"/>
  <testcase name="myFirstTestngTest" time="0.0" classname="testng.TestngBasicTests"/>
  <testcase name="myFirstTestngTest" time="0.0" classname="testng.TestngBasicTests"/>
  <testcase name="myFirstTestngTest" time="0.0" classname="testng.TestngBasicTests"/>
  <testcase name="myFirstTestngTest" time="0.0" classname="testng.TestngBasicTests"/>
  <testcase name="myFirstTestngTest" time="0.0" classname="testng.TestngBasicTests"/>
  <testcase name="myFirstTestngTest" time="0.001" classname="testng.TestngBasicTests"/>
  <testcase name="myFirstTestngTest" time="0.0" classname="testng.TestngBasicTests"/>
  <testcase name="myFirstTestngTest" time="0.004" classname="testng.TestngBasicTests"/>
  <testcase name="myFirstTestngTest" time="0.001" classname="testng.TestngBasicTests"/>
  <testcase name="mySecondTestngTest" time="0.0" classname="testng.TestngBasicTests"/>
  <testcase name="myThirdTestngTest" time="0.0" classname="testng.TestngBasicTests"/>
  <testcase name="mytest1" time="0.001" classname="testng.TestngDependency">
    <failure type="java.lang.AssertionError" message="expected [true] but found [false]">
      <![CDATA[java.lang.AssertionError: expected [true] but found [false]
	at testng.TestngDependency.mytest1(TestngDependency.java:15)
	at org.apache.maven.surefire.testng.TestNGExecutor.run(TestNGExecutor.java:70)
	at org.apache.maven.surefire.testng.TestNGDirectoryTestSuite.executeMulti(TestNGDirectoryTestSuite.java:158)
	at org.apache.maven.surefire.testng.TestNGDirectoryTestSuite.execute(TestNGDirectoryTestSuite.java:98)
	at org.apache.maven.surefire.testng.TestNGProvider.invoke(TestNGProvider.java:111)
	at org.apache.maven.surefire.util.ReflectionUtils.invokeMethodWithArray(ReflectionUtils.java:164)
	at org.apache.maven.surefire.booter.ProviderFactory$ProviderProxy.invoke(ProviderFactory.java:110)
	at org.apache.maven.surefire.booter.SurefireStarter.invokeProvider(SurefireStarter.java:175)
	at org.apache.maven.surefire.booter.SurefireStarter.runSuitesInProcessWhenForked(SurefireStarter.java:107)
	at org.apache.maven.surefire.booter.ForkedBooter.main(ForkedBooter.java:68)
... Removed 29 stack frames]]>
    </failure>
  </testcase> <!-- mytest1 -->
  <testcase name="mytest3" time="0.0" classname="testng.TestngDependency"/>
  <testcase name="mytest4" time="0.0" classname="testng.TestngDependency"/>
  <testcase name="invocationCountTest" time="0.001" classname="testng.TestngInvocationCount"/>
  <testcase name="invocationCountTest" time="0.004" classname="testng.TestngInvocationCount"/>
  <testcase name="invocationCountTest" time="0.0" classname="testng.TestngInvocationCount"/>
  <testcase name="invocationCountTest" time="0.0" classname="testng.TestngInvocationCount"/>
  <testcase name="invocationCountTest" time="0.0" classname="testng.TestngInvocationCount"/>
  <testcase name="invocationCountTest" time="0.0" classname="testng.TestngInvocationCount"/>
  <testcase name="invocationCountTest" time="0.001" classname="testng.TestngInvocationCount"/>
  <testcase name="invocationCountTest" time="0.001" classname="testng.TestngInvocationCount"/>
  <testcase name="invocationCountTest" time="0.001" classname="testng.TestngInvocationCount"/>
  <testcase name="invocationCountTest" time="0.0" classname="testng.TestngInvocationCount"/>
  <testcase name="flightSearch" time="27.605" classname="pageobjects.BasicFlightSearchTest"/>
  <testcase name="flightSearchTest" time="5.649" classname="pageobjects.FlightSearchPageTest"/>
  <testcase name="simpleReportingTest" time="0.002" classname="reporting.ReportingTest"/>
  <testcase name="fireFoxTestWithScreenshotReport" time="0.002" classname="reporting.ReportingTest">
    <failure type="org.openqa.selenium.remote.UnreachableBrowserException" message="Could not start a new session. Possible causes are invalid address of the remote server or browser start-up failure.
Build info: version: &amp;apos;2.33.0&amp;apos;, revision: &amp;apos;4ecaf82108b2a6cc6f006aae81961236eba93358&amp;apos;, time: &amp;apos;2013-05-22 12:00:17&amp;apos;
System info: os.name: &amp;apos;Linux&amp;apos;, os.arch: &amp;apos;i386&amp;apos;, os.version: &amp;apos;3.5.0-17-generic&amp;apos;, java.version: &amp;apos;1.7.0_15&amp;apos;
Driver info: driver.version: RemoteWebDriver">
      <![CDATA[org.openqa.selenium.remote.UnreachableBrowserException: Could not start a new session. Possible causes are invalid address of the remote server or browser start-up failure.
Build info: version: '2.33.0', revision: '4ecaf82108b2a6cc6f006aae81961236eba93358', time: '2013-05-22 12:00:17'
System info: os.name: 'Linux', os.arch: 'i386', os.version: '3.5.0-17-generic', java.version: '1.7.0_15'
Driver info: driver.version: RemoteWebDriver
	at org.openqa.selenium.remote.RemoteWebDriver.execute(RemoteWebDriver.java:548)
	at org.openqa.selenium.remote.RemoteWebDriver.startSession(RemoteWebDriver.java:216)
	at org.openqa.selenium.remote.RemoteWebDriver.<init>(RemoteWebDriver.java:111)
	at org.openqa.selenium.remote.RemoteWebDriver.<init>(RemoteWebDriver.java:129)
	at reporting.ReportingTest.fireFoxTestWithScreenshotReport(ReportingTest.java:51)
	at org.apache.maven.surefire.testng.TestNGExecutor.run(TestNGExecutor.java:70)
	at org.apache.maven.surefire.testng.TestNGDirectoryTestSuite.executeMulti(TestNGDirectoryTestSuite.java:158)
	at org.apache.maven.surefire.testng.TestNGDirectoryTestSuite.execute(TestNGDirectoryTestSuite.java:98)
	at org.apache.maven.surefire.testng.TestNGProvider.invoke(TestNGProvider.java:111)
	at org.apache.maven.surefire.util.ReflectionUtils.invokeMethodWithArray(ReflectionUtils.java:164)
	at org.apache.maven.surefire.booter.ProviderFactory$ProviderProxy.invoke(ProviderFactory.java:110)
	at org.apache.maven.surefire.booter.SurefireStarter.invokeProvider(SurefireStarter.java:175)
	at org.apache.maven.surefire.booter.SurefireStarter.runSuitesInProcessWhenForked(SurefireStarter.java:107)
	at org.apache.maven.surefire.booter.ForkedBooter.main(ForkedBooter.java:68)
Caused by: org.apache.http.conn.HttpHostConnectException: Connection to http://localhost:4444 refused
	at org.apache.http.impl.conn.DefaultClientConnectionOperator.openConnection(DefaultClientConnectionOperator.java:190)
	at org.apache.http.impl.conn.AbstractPoolEntry.open(AbstractPoolEntry.java:151)
	at org.apache.http.impl.conn.AbstractPooledConnAdapter.open(AbstractPooledConnAdapter.java:125)
	at org.apache.http.impl.client.DefaultRequestDirector.tryConnect(DefaultRequestDirector.java:640)
	at org.apache.http.impl.client.DefaultRequestDirector.execute(DefaultRequestDirector.java:479)
	at org.apache.http.impl.client.AbstractHttpClient.execute(AbstractHttpClient.java:906)
	at org.openqa.selenium.remote.HttpCommandExecutor.fallBackExecute(HttpCommandExecutor.java:316)
	at org.openqa.selenium.remote.HttpCommandExecutor.execute(HttpCommandExecutor.java:295)
	at org.openqa.selenium.remote.RemoteWebDriver.execute(RemoteWebDriver.java:527)
	... 38 more
Caused by: java.net.ConnectException: Connection refused
	at java.net.PlainSocketImpl.socketConnect(Native Method)
	at java.net.AbstractPlainSocketImpl.doConnect(AbstractPlainSocketImpl.java:339)
	at java.net.AbstractPlainSocketImpl.connectToAddress(AbstractPlainSocketImpl.java:200)
	at java.net.AbstractPlainSocketImpl.connect(AbstractPlainSocketImpl.java:182)
	at java.net.SocksSocketImpl.connect(SocksSocketImpl.java:391)
	at java.net.Socket.connect(Socket.java:579)
	at org.apache.http.conn.scheme.PlainSocketFactory.connectSocket(PlainSocketFactory.java:127)
	at org.apache.http.impl.conn.DefaultClientConnectionOperator.openConnection(DefaultClientConnectionOperator.java:180)
	... 46 more
... Removed 25 stack frames]]>
    </failure>
  </testcase> <!-- fireFoxTestWithScreenshotReport -->
  <testcase name="reportingTestWithMessage" time="0.003" classname="reporting.ReportingTest"/>
  <testcase name="mytest1" time="0.0" classname="testng.TestngDataProvider"/>
  <testcase name="mytest1" time="0.0" classname="testng.TestngDataProvider"/>
  <testcase name="mytest1" time="0.005" classname="testng.TestngDataProvider"/>
  <testcase name="mytest1" time="0.001" classname="testng.TestngDataProvider"/>
  <testcase name="mytest2" time="0.001" classname="testng.TestngDataProvider"/>
  <testcase name="mytest2" time="0.001" classname="testng.TestngDataProvider"/>
  <testcase name="mytest2" time="0.003" classname="testng.TestngDataProvider"/>
  <testcase name="mytest3" time="0.001" classname="testng.TestngGroups"/>
  <testcase name="mytest1" time="0.005" classname="testng.TestngGroups"/>
  <testcase name="mytest5" time="0.0" classname="testng.TestngGroups"/>
  <testcase name="mytest2" time="0.001" classname="testng.TestngGroups"/>
  <testcase name="mytest4" time="0.0" classname="testng.TestngGroups"/>
  <testcase name="mytest1" time="0.0" classname="testng.TestngAnnotationsBeforeAfter"/>
  <testcase name="mytest2" time="0.0" classname="testng.TestngAnnotationsBeforeAfter"/>
  <testcase name="mytest3" time="0.0" classname="testng.TestngAnnotationsBeforeAfter"/>
  <testcase name="browserParameters" time="0.005" classname="seleniumTests.TestNGBrowserParameter">
    <skipped/>
  </testcase> <!-- browserParameters -->
  <testcase name="mytest2" time="0.001" classname="testng.TestngDependency">
    <skipped/>
  </testcase> <!-- mytest2 -->
</testsuite> <!-- Command line test -->
