<!DOCTYPE html>

<html>
  <head>
  <title>TestNG reports</title>

    <link type="text/css" href="testng-reports.css" rel="stylesheet" />  
    <script type="text/javascript" src="jquery-1.7.1.min.js"></script>
    <script type="text/javascript" src="testng-reports.js"></script>
    <script type="text/javascript" src="https://www.google.com/jsapi"></script>
    <script type='text/javascript'>
      google.load('visualization', '1', {packages:['table']});
      google.setOnLoadCallback(drawTable);
      var suiteTableInitFunctions = new Array();
      var suiteTableData = new Array();
    </script>
    <!--
      <script type="text/javascript" src="jquery-ui/js/jquery-ui-1.8.16.custom.min.js"></script>
     -->
  </head>

  <body>
    <div class="top-banner-root">
      <span class="top-banner-title-font">Test results</span>
      <br/>
      <span class="top-banner-font-1">1 suite, 1 failed test</span>
    </div> <!-- top-banner-root -->
    <div class="navigator-root">
      <div class="navigator-suite-header">
        <span>All suites</span>
        <a href="#" class="collapse-all-link" title="Collapse/expand all the suites">
          <img class="collapse-all-icon" src="collapseall.gif">
          </img> <!-- collapse-all-icon -->
        </a> <!-- collapse-all-link -->
      </div> <!-- navigator-suite-header -->
      <div class="suite">
        <div class="rounded-window">
          <div class="suite-header light-rounded-window-top">
            <a href="#" class="navigator-link" panel-name="suite-seleniumTests.BasicTests">
              <span class="suite-name border-failed">seleniumTests.BasicTests</span>
            </a> <!-- navigator-link -->
          </div> <!-- suite-header light-rounded-window-top -->
          <div class="navigator-suite-content">
            <div class="suite-section-title">
              <span>Info</span>
            </div> <!-- suite-section-title -->
            <div class="suite-section-content">
              <ul>
                <li>
                  <a href="#" class="navigator-link " panel-name="test-xml-seleniumTests.BasicTests">
                    <span>[unset file name]</span>
                  </a> <!-- navigator-link  -->
                </li>
                <li>
                  <a href="#" class="navigator-link " panel-name="testlist-seleniumTests.BasicTests">
                    <span class="test-stats">1 test</span>
                  </a> <!-- navigator-link  -->
                </li>
                <li>
                  <a href="#" class="navigator-link " panel-name="group-seleniumTests.BasicTests">
                    <span>0 groups</span>
                  </a> <!-- navigator-link  -->
                </li>
                <li>
                  <a href="#" class="navigator-link " panel-name="times-seleniumTests.BasicTests">
                    <span>Times</span>
                  </a> <!-- navigator-link  -->
                </li>
                <li>
                  <a href="#" class="navigator-link " panel-name="reporter-seleniumTests.BasicTests">
                    <span>Reporter output</span>
                  </a> <!-- navigator-link  -->
                </li>
                <li>
                  <a href="#" class="navigator-link " panel-name="ignored-methods-seleniumTests.BasicTests">
                    <span>Ignored methods</span>
                  </a> <!-- navigator-link  -->
                </li>
                <li>
                  <a href="#" class="navigator-link " panel-name="chronological-seleniumTests.BasicTests">
                    <span>Chronological view</span>
                  </a> <!-- navigator-link  -->
                </li>
              </ul>
            </div> <!-- suite-section-content -->
            <div class="result-section">
              <div class="suite-section-title">
                <span>Results</span>
              </div> <!-- suite-section-title -->
              <div class="suite-section-content">
                <ul>
                  <li>
                    <span class="method-stats">7 methods, 1 failed,   6 passed</span>
                  </li>
                  <li>
                    <span class="method-list-title failed">Failed methods</span>
                    <span class="show-or-hide-methods failed">
                      <a href="#" panel-name="suite-seleniumTests.BasicTests" class="hide-methods failed suite-seleniumTests.BasicTests"> (hide)</a> <!-- hide-methods failed suite-seleniumTests.BasicTests -->
                      <a href="#" panel-name="suite-seleniumTests.BasicTests" class="show-methods failed suite-seleniumTests.BasicTests"> (show)</a> <!-- show-methods failed suite-seleniumTests.BasicTests -->
                    </span>
                    <div class="method-list-content failed suite-seleniumTests.BasicTests">
                      <span>
                        <img width="3%" src="failed.png"/>
                        <a href="#" class="method navigator-link" panel-name="suite-seleniumTests.BasicTests" title="seleniumTests.BasicTests" hash-for-method="pageTitleTestWithException">pageTitleTestWithException</a> <!-- method navigator-link -->
                      </span>
                      <br/>
                    </div> <!-- method-list-content failed suite-seleniumTests.BasicTests -->
                  </li>
                  <li>
                    <span class="method-list-title passed">Passed methods</span>
                    <span class="show-or-hide-methods passed">
                      <a href="#" panel-name="suite-seleniumTests.BasicTests" class="hide-methods passed suite-seleniumTests.BasicTests"> (hide)</a> <!-- hide-methods passed suite-seleniumTests.BasicTests -->
                      <a href="#" panel-name="suite-seleniumTests.BasicTests" class="show-methods passed suite-seleniumTests.BasicTests"> (show)</a> <!-- show-methods passed suite-seleniumTests.BasicTests -->
                    </span>
                    <div class="method-list-content passed suite-seleniumTests.BasicTests">
                      <span>
                        <img width="3%" src="passed.png"/>
                        <a href="#" class="method navigator-link" panel-name="suite-seleniumTests.BasicTests" title="seleniumTests.BasicTests" hash-for-method="myFirstTest">myFirstTest</a> <!-- method navigator-link -->
                      </span>
                      <br/>
                      <span>
                        <img width="3%" src="passed.png"/>
                        <a href="#" class="method navigator-link" panel-name="suite-seleniumTests.BasicTests" title="seleniumTests.BasicTests" hash-for-method="onlyOneSeleniumTest">onlyOneSeleniumTest</a> <!-- method navigator-link -->
                      </span>
                      <br/>
                      <span>
                        <img width="3%" src="passed.png"/>
                        <a href="#" class="method navigator-link" panel-name="suite-seleniumTests.BasicTests" title="seleniumTests.BasicTests" hash-for-method="pageTitleTest">pageTitleTest</a> <!-- method navigator-link -->
                      </span>
                      <br/>
                      <span>
                        <img width="3%" src="passed.png"/>
                        <a href="#" class="method navigator-link" panel-name="suite-seleniumTests.BasicTests" title="seleniumTests.BasicTests" hash-for-method="pageTitleTestWithAssert">pageTitleTestWithAssert</a> <!-- method navigator-link -->
                      </span>
                      <br/>
                      <span>
                        <img width="3%" src="passed.png"/>
                        <a href="#" class="method navigator-link" panel-name="suite-seleniumTests.BasicTests" title="seleniumTests.BasicTests" hash-for-method="sendKeysTest">sendKeysTest</a> <!-- method navigator-link -->
                      </span>
                      <br/>
                      <span>
                        <img width="3%" src="passed.png"/>
                        <a href="#" class="method navigator-link" panel-name="suite-seleniumTests.BasicTests" title="seleniumTests.BasicTests" hash-for-method="sendKeysTestWithChrome">sendKeysTestWithChrome</a> <!-- method navigator-link -->
                      </span>
                      <br/>
                    </div> <!-- method-list-content passed suite-seleniumTests.BasicTests -->
                  </li>
                </ul>
              </div> <!-- suite-section-content -->
            </div> <!-- result-section -->
          </div> <!-- navigator-suite-content -->
        </div> <!-- rounded-window -->
      </div> <!-- suite -->
    </div> <!-- navigator-root -->
    <div class="wrapper">
      <div class="main-panel-root">
        <div panel-name="suite-seleniumTests.BasicTests" class="panel seleniumTests.BasicTests">
          <div class="suite-seleniumTests.BasicTests-class-failed">
            <div class="main-panel-header rounded-window-top">
              <img src="failed.png"/>
              <span class="class-name">seleniumTests.BasicTests</span>
            </div> <!-- main-panel-header rounded-window-top -->
            <div class="main-panel-content rounded-window-bottom">
              <div class="method">
                <div class="method-content">
                  <a name="pageTitleTestWithException">
                  </a> <!-- pageTitleTestWithException -->
                  <span class="method-name">pageTitleTestWithException</span>
                  <div class="stack-trace"><b>"java.lang.AssertionError: expected [GRIDFUSION.net - Home] but found [Digicomp]
	at seleniumTests.BasicTests.pageTitleTestWithException(BasicTests.java:77)
	at org.apache.maven.surefire.testng.TestNGExecutor.run(TestNGExecutor.java:70)
	at org.apache.maven.surefire.testng.TestNGDirectoryTestSuite.execute(TestNGDirectoryTestSuite.java:109)
	at org.apache.maven.surefire.testng.TestNGProvider.invoke(TestNGProvider.java:111)
	at org.apache.maven.surefire.util.ReflectionUtils.invokeMethodWithArray(ReflectionUtils.java:164)
	at org.apache.maven.surefire.booter.ProviderFactory$ProviderProxy.invoke(ProviderFactory.java:110)
	at org.apache.maven.surefire.booter.SurefireStarter.invokeProvider(SurefireStarter.java:175)
	at org.apache.maven.surefire.booter.SurefireStarter.runSuitesInProcessWhenForked(SurefireStarter.java:107)
	at org.apache.maven.surefire.booter.ForkedBooter.main(ForkedBooter.java:68)
... Removed 30 stack frames<br/> java.lang.AssertionError: expected [GRIDFUSION.net - Home] but found [Digicomp]
	at org.testng.Assert.fail(Assert.java:94)
	at org.testng.Assert.failNotEquals(Assert.java:494)
	at org.testng.Assert.assertEquals(Assert.java:123)
	at org.testng.Assert.assertEquals(Assert.java:176)
	at org.testng.Assert.assertEquals(Assert.java:186)
	at seleniumTests.BasicTests.pageTitleTestWithException(BasicTests.java:77)
	at sun.reflect.NativeMethodAccessorImpl.invoke0(Native Method)
	at sun.reflect.NativeMethodAccessorImpl.invoke(NativeMethodAccessorImpl.java:57)
	at sun.reflect.DelegatingMethodAccessorImpl.invoke(DelegatingMethodAccessorImpl.java:43)
	at java.lang.reflect.Method.invoke(Method.java:601)
	at org.testng.internal.MethodInvocationHelper.invokeMethod(MethodInvocationHelper.java:80)
	at org.testng.internal.Invoker.invokeMethod(Invoker.java:714)
	at org.testng.internal.Invoker.invokeTestMethod(Invoker.java:901)
	at org.testng.internal.Invoker.invokeTestMethods(Invoker.java:1231)
	at org.testng.internal.TestMethodWorker.invokeTestMethods(TestMethodWorker.java:127)
	at org.testng.internal.TestMethodWorker.run(TestMethodWorker.java:111)
	at org.testng.TestRunner.privateRun(TestRunner.java:767)
	at org.testng.TestRunner.run(TestRunner.java:617)
	at org.testng.SuiteRunner.runTest(SuiteRunner.java:334)
	at org.testng.SuiteRunner.runSequentially(SuiteRunner.java:329)
	at org.testng.SuiteRunner.privateRun(SuiteRunner.java:291)
	at org.testng.SuiteRunner.run(SuiteRunner.java:240)
	at org.testng.SuiteRunnerWorker.runSuite(SuiteRunnerWorker.java:52)
	at org.testng.SuiteRunnerWorker.run(SuiteRunnerWorker.java:86)
	at org.testng.TestNG.runSuitesSequentially(TestNG.java:1198)
	at org.testng.TestNG.runSuitesLocally(TestNG.java:1123)
	at org.testng.TestNG.run(TestNG.java:1031)
	at org.apache.maven.surefire.testng.TestNGExecutor.run(TestNGExecutor.java:70)
	at org.apache.maven.surefire.testng.TestNGDirectoryTestSuite.execute(TestNGDirectoryTestSuite.java:109)
	at org.apache.maven.surefire.testng.TestNGProvider.invoke(TestNGProvider.java:111)
	at sun.reflect.NativeMethodAccessorImpl.invoke0(Native Method)
	at sun.reflect.NativeMethodAccessorImpl.invoke(NativeMethodAccessorImpl.java:57)
	at sun.reflect.DelegatingMethodAccessorImpl.invoke(DelegatingMethodAccessorImpl.java:43)
	at java.lang.reflect.Method.invoke(Method.java:601)
	at org.apache.maven.surefire.util.ReflectionUtils.invokeMethodWithArray(ReflectionUtils.java:164)
	at org.apache.maven.surefire.booter.ProviderFactory$ProviderProxy.invoke(ProviderFactory.java:110)
	at org.apache.maven.surefire.booter.SurefireStarter.invokeProvider(SurefireStarter.java:175)
	at org.apache.maven.surefire.booter.SurefireStarter.runSuitesInProcessWhenForked(SurefireStarter.java:107)
	at org.apache.maven.surefire.booter.ForkedBooter.main(ForkedBooter.java:68)
"</b><br>org.testng.Assert.fail(Assert.java:94)<br>org.testng.Assert.failNotEquals(Assert.java:494)<br>org.testng.Assert.assertEquals(Assert.java:123)<br>org.testng.Assert.assertEquals(Assert.java:176)<br>org.testng.Assert.assertEquals(Assert.java:186)<br>seleniumTests.BasicTests.pageTitleTestWithException(BasicTests.java:77)<br>sun.reflect.NativeMethodAccessorImpl.invoke0(Native Method)<br>sun.reflect.NativeMethodAccessorImpl.invoke(NativeMethodAccessorImpl.java:57)<br>sun.reflect.DelegatingMethodAccessorImpl.invoke(DelegatingMethodAccessorImpl.java:43)<br>java.lang.reflect.Method.invoke(Method.java:601)<br>org.testng.internal.MethodInvocationHelper.invokeMethod(MethodInvocationHelper.java:80)<br>org.testng.internal.Invoker.invokeMethod(Invoker.java:714)<br>org.testng.internal.Invoker.invokeTestMethod(Invoker.java:901)<br>org.testng.internal.Invoker.invokeTestMethods(Invoker.java:1231)<br>org.testng.internal.TestMethodWorker.invokeTestMethods(TestMethodWorker.java:127)<br>org.testng.internal.TestMethodWorker.run(TestMethodWorker.java:111)<br>org.testng.TestRunner.privateRun(TestRunner.java:767)<br>org.testng.TestRunner.run(TestRunner.java:617)<br>org.testng.SuiteRunner.runTest(SuiteRunner.java:334)<br>org.testng.SuiteRunner.runSequentially(SuiteRunner.java:329)<br>org.testng.SuiteRunner.privateRun(SuiteRunner.java:291)<br>org.testng.SuiteRunner.run(SuiteRunner.java:240)<br>org.testng.SuiteRunnerWorker.runSuite(SuiteRunnerWorker.java:52)<br>org.testng.SuiteRunnerWorker.run(SuiteRunnerWorker.java:86)<br>org.testng.TestNG.runSuitesSequentially(TestNG.java:1198)<br>org.testng.TestNG.runSuitesLocally(TestNG.java:1123)<br>org.testng.TestNG.run(TestNG.java:1031)<br>org.apache.maven.surefire.testng.TestNGExecutor.run(TestNGExecutor.java:70)<br>org.apache.maven.surefire.testng.TestNGDirectoryTestSuite.execute(TestNGDirectoryTestSuite.java:109)<br>org.apache.maven.surefire.testng.TestNGProvider.invoke(TestNGProvider.java:111)<br>sun.reflect.NativeMethodAccessorImpl.invoke0(Native Method)<br>sun.reflect.NativeMethodAccessorImpl.invoke(NativeMethodAccessorImpl.java:57)<br>sun.reflect.DelegatingMethodAccessorImpl.invoke(DelegatingMethodAccessorImpl.java:43)<br>java.lang.reflect.Method.invoke(Method.java:601)<br>org.apache.maven.surefire.util.ReflectionUtils.invokeMethodWithArray(ReflectionUtils.java:164)<br>org.apache.maven.surefire.booter.ProviderFactory$ProviderProxy.invoke(ProviderFactory.java:110)<br>org.apache.maven.surefire.booter.SurefireStarter.invokeProvider(SurefireStarter.java:175)<br>org.apache.maven.surefire.booter.SurefireStarter.runSuitesInProcessWhenForked(SurefireStarter.java:107)<br>org.apache.maven.surefire.booter.ForkedBooter.main(ForkedBooter.java:68)<br>
</div> <!-- stack-trace -->
                </div> <!-- method-content -->
              </div> <!-- method -->
            </div> <!-- main-panel-content rounded-window-bottom -->
          </div> <!-- suite-seleniumTests.BasicTests-class-failed -->
          <div class="suite-seleniumTests.BasicTests-class-passed">
            <div class="main-panel-header rounded-window-top">
              <img src="passed.png"/>
              <span class="class-name">seleniumTests.BasicTests</span>
            </div> <!-- main-panel-header rounded-window-top -->
            <div class="main-panel-content rounded-window-bottom">
              <div class="method">
                <div class="method-content">
                  <a name="myFirstTest">
                  </a> <!-- myFirstTest -->
                  <span class="method-name">myFirstTest</span>
                </div> <!-- method-content -->
              </div> <!-- method -->
              <div class="method">
                <div class="method-content">
                  <a name="onlyOneSeleniumTest">
                  </a> <!-- onlyOneSeleniumTest -->
                  <span class="method-name">onlyOneSeleniumTest</span>
                </div> <!-- method-content -->
              </div> <!-- method -->
              <div class="method">
                <div class="method-content">
                  <a name="pageTitleTest">
                  </a> <!-- pageTitleTest -->
                  <span class="method-name">pageTitleTest</span>
                </div> <!-- method-content -->
              </div> <!-- method -->
              <div class="method">
                <div class="method-content">
                  <a name="pageTitleTestWithAssert">
                  </a> <!-- pageTitleTestWithAssert -->
                  <span class="method-name">pageTitleTestWithAssert</span>
                </div> <!-- method-content -->
              </div> <!-- method -->
              <div class="method">
                <div class="method-content">
                  <a name="sendKeysTest">
                  </a> <!-- sendKeysTest -->
                  <span class="method-name">sendKeysTest</span>
                </div> <!-- method-content -->
              </div> <!-- method -->
              <div class="method">
                <div class="method-content">
                  <a name="sendKeysTestWithChrome">
                  </a> <!-- sendKeysTestWithChrome -->
                  <span class="method-name">sendKeysTestWithChrome</span>
                </div> <!-- method-content -->
              </div> <!-- method -->
            </div> <!-- main-panel-content rounded-window-bottom -->
          </div> <!-- suite-seleniumTests.BasicTests-class-passed -->
        </div> <!-- panel seleniumTests.BasicTests -->
        <div panel-name="test-xml-seleniumTests.BasicTests" class="panel">
          <div class="main-panel-header rounded-window-top">
          </div> <!-- main-panel-header rounded-window-top -->
          <div class="main-panel-content rounded-window-bottom">
            <pre>
&lt;?xml version=&quot;1.0&quot; encoding=&quot;UTF-8&quot;?&gt;
&lt;!DOCTYPE suite SYSTEM &quot;http://testng.org/testng-1.0.dtd&quot;&gt;
&lt;suite verbose=&quot;0&quot; name=&quot;seleniumTests.BasicTests&quot;&gt;
  &lt;test name=&quot;Command line test&quot; preserve-order=&quot;false&quot;&gt;
    &lt;classes&gt;
      &lt;class name=&quot;seleniumTests.BasicTests&quot;/&gt;
    &lt;/classes&gt;
  &lt;/test&gt; &lt;!-- Command line test --&gt;
&lt;/suite&gt; &lt;!-- seleniumTests.BasicTests --&gt;
            </pre>
          </div> <!-- main-panel-content rounded-window-bottom -->
        </div> <!-- panel -->
        <div panel-name="testlist-seleniumTests.BasicTests" class="panel">
          <div class="main-panel-header rounded-window-top">
            <span class="header-content">Tests for seleniumTests.BasicTests</span>
          </div> <!-- main-panel-header rounded-window-top -->
          <div class="main-panel-content rounded-window-bottom">
            <ul>
              <li>
                <span class="test-name">Command line test (1 class)</span>
              </li>
            </ul>
          </div> <!-- main-panel-content rounded-window-bottom -->
        </div> <!-- panel -->
        <div panel-name="group-seleniumTests.BasicTests" class="panel">
          <div class="main-panel-header rounded-window-top">
            <span class="header-content">Groups for seleniumTests.BasicTests</span>
          </div> <!-- main-panel-header rounded-window-top -->
          <div class="main-panel-content rounded-window-bottom">
          </div> <!-- main-panel-content rounded-window-bottom -->
        </div> <!-- panel -->
        <div panel-name="times-seleniumTests.BasicTests" class="panel">
          <div class="main-panel-header rounded-window-top">
            <span class="header-content">Times for seleniumTests.BasicTests</span>
          </div> <!-- main-panel-header rounded-window-top -->
          <div class="main-panel-content rounded-window-bottom">
            <div class="times-div">
              <script type="text/javascript">
suiteTableInitFunctions.push('tableData_seleniumTests.BasicTests');
function tableData_seleniumTests.BasicTests() {
var data = new google.visualization.DataTable();
data.addColumn('number', 'Number');
data.addColumn('string', 'Method');
data.addColumn('string', 'Class');
data.addColumn('number', 'Time (ms)');
data.addRows(7);
data.setCell(0, 0, 0)
data.setCell(0, 1, 'onlyOneSeleniumTest')
data.setCell(0, 2, 'seleniumTests.BasicTests')
data.setCell(0, 3, 11536);
data.setCell(1, 0, 1)
data.setCell(1, 1, 'sendKeysTestWithChrome')
data.setCell(1, 2, 'seleniumTests.BasicTests')
data.setCell(1, 3, 9022);
data.setCell(2, 0, 2)
data.setCell(2, 1, 'sendKeysTest')
data.setCell(2, 2, 'seleniumTests.BasicTests')
data.setCell(2, 3, 8778);
data.setCell(3, 0, 3)
data.setCell(3, 1, 'pageTitleTestWithException')
data.setCell(3, 2, 'seleniumTests.BasicTests')
data.setCell(3, 3, 6217);
data.setCell(4, 0, 4)
data.setCell(4, 1, 'myFirstTest')
data.setCell(4, 2, 'seleniumTests.BasicTests')
data.setCell(4, 3, 5644);
data.setCell(5, 0, 5)
data.setCell(5, 1, 'pageTitleTestWithAssert')
data.setCell(5, 2, 'seleniumTests.BasicTests')
data.setCell(5, 3, 4863);
data.setCell(6, 0, 6)
data.setCell(6, 1, 'pageTitleTest')
data.setCell(6, 2, 'seleniumTests.BasicTests')
data.setCell(6, 3, 4002);
window.suiteTableData['seleniumTests.BasicTests']= { tableData: data, tableDiv: 'times-div-seleniumTests.BasicTests'}
return data;
}
              </script>
              <span class="suite-total-time">Total running time: 50 seconds</span>
              <div id="times-div-seleniumTests.BasicTests">
              </div> <!-- times-div-seleniumTests.BasicTests -->
            </div> <!-- times-div -->
          </div> <!-- main-panel-content rounded-window-bottom -->
        </div> <!-- panel -->
        <div panel-name="reporter-seleniumTests.BasicTests" class="panel">
          <div class="main-panel-header rounded-window-top">
            <span class="header-content">Reporter output for seleniumTests.BasicTests</span>
          </div> <!-- main-panel-header rounded-window-top -->
          <div class="main-panel-content rounded-window-bottom">
          </div> <!-- main-panel-content rounded-window-bottom -->
        </div> <!-- panel -->
        <div panel-name="ignored-methods-seleniumTests.BasicTests" class="panel">
          <div class="main-panel-header rounded-window-top">
            <span class="header-content">0 ignored methods</span>
          </div> <!-- main-panel-header rounded-window-top -->
          <div class="main-panel-content rounded-window-bottom">
          </div> <!-- main-panel-content rounded-window-bottom -->
        </div> <!-- panel -->
        <div panel-name="chronological-seleniumTests.BasicTests" class="panel">
          <div class="main-panel-header rounded-window-top">
            <span class="header-content">Methods in chronological order</span>
          </div> <!-- main-panel-header rounded-window-top -->
          <div class="main-panel-content rounded-window-bottom">
            <div class="chronological-class">
              <div class="chronological-class-name">seleniumTests.BasicTests</div> <!-- chronological-class-name -->
              <div class="test-method">
                <span class="method-name">myFirstTest</span>
                <span class="method-start">0 ms</span>
              </div> <!-- test-method -->
              <div class="test-method">
                <span class="method-name">onlyOneSeleniumTest</span>
                <span class="method-start">5653 ms</span>
              </div> <!-- test-method -->
              <div class="test-method">
                <span class="method-name">pageTitleTest</span>
                <span class="method-start">17190 ms</span>
              </div> <!-- test-method -->
              <div class="test-method">
                <span class="method-name">pageTitleTestWithAssert</span>
                <span class="method-start">21192 ms</span>
              </div> <!-- test-method -->
              <div class="test-method">
                <img src="failed.png">
                </img>
                <span class="method-name">pageTitleTestWithException</span>
                <span class="method-start">26056 ms</span>
              </div> <!-- test-method -->
              <div class="test-method">
                <span class="method-name">sendKeysTest</span>
                <span class="method-start">32282 ms</span>
              </div> <!-- test-method -->
              <div class="test-method">
                <span class="method-name">sendKeysTestWithChrome</span>
                <span class="method-start">41065 ms</span>
              </div> <!-- test-method -->
          </div> <!-- main-panel-content rounded-window-bottom -->
        </div> <!-- panel -->
      </div> <!-- main-panel-root -->
    </div> <!-- wrapper -->
  </body>
</html>
