<?xml version="1.0" encoding="UTF-8"?>
<testng-results skipped="0" failed="1" total="7" passed="6">
  <reporter-output>
  </reporter-output>
  <suite name="seleniumTests.BasicTests" duration-ms="50103" started-at="2013-06-26T03:00:09Z" finished-at="2013-06-26T03:00:59Z">
    <groups>
    </groups>
    <test name="Command line test" duration-ms="50103" started-at="2013-06-26T03:00:09Z" finished-at="2013-06-26T03:00:59Z">
      <class name="seleniumTests.BasicTests">
        <test-method status="PASS" signature="myFirstTest()[pri:0, instance:seleniumTests.BasicTests@19bf795]" name="myFirstTest" duration-ms="5644" started-at="2013-06-25T20:00:09Z" finished-at="2013-06-25T20:00:15Z">
          <reporter-output>
          </reporter-output>
        </test-method> <!-- myFirstTest -->
        <test-method status="PASS" signature="onlyOneSeleniumTest()[pri:0, instance:seleniumTests.BasicTests@19bf795]" name="onlyOneSeleniumTest" duration-ms="11536" started-at="2013-06-25T20:00:15Z" finished-at="2013-06-25T20:00:26Z">
          <reporter-output>
          </reporter-output>
        </test-method> <!-- onlyOneSeleniumTest -->
        <test-method status="PASS" signature="pageTitleTest()[pri:0, instance:seleniumTests.BasicTests@19bf795]" name="pageTitleTest" duration-ms="4002" started-at="2013-06-25T20:00:26Z" finished-at="2013-06-25T20:00:30Z">
          <reporter-output>
          </reporter-output>
        </test-method> <!-- pageTitleTest -->
        <test-method status="PASS" signature="pageTitleTestWithAssert()[pri:0, instance:seleniumTests.BasicTests@19bf795]" name="pageTitleTestWithAssert" duration-ms="4863" started-at="2013-06-25T20:00:30Z" finished-at="2013-06-25T20:00:35Z">
          <reporter-output>
          </reporter-output>
        </test-method> <!-- pageTitleTestWithAssert -->
        <test-method status="FAIL" signature="pageTitleTestWithException()[pri:0, instance:seleniumTests.BasicTests@19bf795]" name="pageTitleTestWithException" duration-ms="6217" started-at="2013-06-25T20:00:35Z" finished-at="2013-06-25T20:00:41Z">
          <exception class="java.lang.AssertionError">
            <message>
              <![CDATA[expected [GRIDFUSION.net - Home] but found [Digicomp]]]>
            </message>
            <full-stacktrace>
              <![CDATA[java.lang.AssertionError: expected [GRIDFUSION.net - Home] but found [Digicomp]
	at org.testng.Assert.fail(Assert.java:94)
	at org.testng.Assert.failNotEquals(Assert.java:494)
	at org.testng.Assert.assertEquals(Assert.java:123)
	at org.testng.Assert.assertEquals(Assert.java:176)
	at org.testng.Assert.assertEquals(Assert.java:186)
	at seleniumTests.BasicTests.pageTitleTestWithException(BasicTests.java:77)
	at sun.reflect.NativeMethodAccessorImpl.invoke0(Native Method)
	at sun.reflect.NativeMethodAccessorImpl.invoke(NativeMethodAccessorImpl.java:57)
	at sun.reflect.DelegatingMethodAccessorImpl.invoke(DelegatingMethodAccessorImpl.java:43)
	at java.lang.reflect.Method.invoke(Method.java:601)
	at org.testng.internal.MethodInvocationHelper.invokeMethod(MethodInvocationHelper.java:80)
	at org.testng.internal.Invoker.invokeMethod(Invoker.java:714)
	at org.testng.internal.Invoker.invokeTestMethod(Invoker.java:901)
	at org.testng.internal.Invoker.invokeTestMethods(Invoker.java:1231)
	at org.testng.internal.TestMethodWorker.invokeTestMethods(TestMethodWorker.java:127)
	at org.testng.internal.TestMethodWorker.run(TestMethodWorker.java:111)
	at org.testng.TestRunner.privateRun(TestRunner.java:767)
	at org.testng.TestRunner.run(TestRunner.java:617)
	at org.testng.SuiteRunner.runTest(SuiteRunner.java:334)
	at org.testng.SuiteRunner.runSequentially(SuiteRunner.java:329)
	at org.testng.SuiteRunner.privateRun(SuiteRunner.java:291)
	at org.testng.SuiteRunner.run(SuiteRunner.java:240)
	at org.testng.SuiteRunnerWorker.runSuite(SuiteRunnerWorker.java:52)
	at org.testng.SuiteRunnerWorker.run(SuiteRunnerWorker.java:86)
	at org.testng.TestNG.runSuitesSequentially(TestNG.java:1198)
	at org.testng.TestNG.runSuitesLocally(TestNG.java:1123)
	at org.testng.TestNG.run(TestNG.java:1031)
	at org.apache.maven.surefire.testng.TestNGExecutor.run(TestNGExecutor.java:70)
	at org.apache.maven.surefire.testng.TestNGDirectoryTestSuite.execute(TestNGDirectoryTestSuite.java:109)
	at org.apache.maven.surefire.testng.TestNGProvider.invoke(TestNGProvider.java:111)
	at sun.reflect.NativeMethodAccessorImpl.invoke0(Native Method)
	at sun.reflect.NativeMethodAccessorImpl.invoke(NativeMethodAccessorImpl.java:57)
	at sun.reflect.DelegatingMethodAccessorImpl.invoke(DelegatingMethodAccessorImpl.java:43)
	at java.lang.reflect.Method.invoke(Method.java:601)
	at org.apache.maven.surefire.util.ReflectionUtils.invokeMethodWithArray(ReflectionUtils.java:164)
	at org.apache.maven.surefire.booter.ProviderFactory$ProviderProxy.invoke(ProviderFactory.java:110)
	at org.apache.maven.surefire.booter.SurefireStarter.invokeProvider(SurefireStarter.java:175)
	at org.apache.maven.surefire.booter.SurefireStarter.runSuitesInProcessWhenForked(SurefireStarter.java:107)
	at org.apache.maven.surefire.booter.ForkedBooter.main(ForkedBooter.java:68)
]]>
            </full-stacktrace>
          </exception> <!-- java.lang.AssertionError -->
          <reporter-output>
          </reporter-output>
        </test-method> <!-- pageTitleTestWithException -->
        <test-method status="PASS" signature="sendKeysTest()[pri:0, instance:seleniumTests.BasicTests@19bf795]" name="sendKeysTest" duration-ms="8778" started-at="2013-06-25T20:00:41Z" finished-at="2013-06-25T20:00:50Z">
          <reporter-output>
          </reporter-output>
        </test-method> <!-- sendKeysTest -->
        <test-method status="PASS" signature="sendKeysTestWithChrome()[pri:0, instance:seleniumTests.BasicTests@19bf795]" name="sendKeysTestWithChrome" duration-ms="9022" started-at="2013-06-25T20:00:50Z" finished-at="2013-06-25T20:00:59Z">
          <reporter-output>
          </reporter-output>
        </test-method> <!-- sendKeysTestWithChrome -->
      </class> <!-- seleniumTests.BasicTests -->
    </test> <!-- Command line test -->
  </suite> <!-- seleniumTests.BasicTests -->
</testng-results>
