<?xml version="1.0" encoding="UTF-8"?>
<!-- Generated by org.testng.reporters.JUnitXMLReporter -->
<testsuite hostname="ubuntu" name="Default test" tests="1" failures="1" timestamp="10 Jul 2013 14:38:00 GMT" time="91.851" errors="0">
  <testcase name="testAbraxas1" time="91.833" classname="seleniumTests.RemoteSetupAbraxas">
    <failure type="org.openqa.selenium.WebDriverException" message="Unable to either launch or connect to Chrome. Please check that ChromeDriver is up-to-date. Using Chrome binary at: /Applications/Google Chrome.app/Contents/MacOS/Google Chrome (WARNING: The server did not provide any stacktrace information)
Command duration or timeout: 91.23 seconds
Build info: version: &amp;apos;2.33.0&amp;apos;, revision: &amp;apos;4e90c97&amp;apos;, time: &amp;apos;2013-05-22 15:32:38&amp;apos;
System info: os.name: &amp;apos;Mac OS X&amp;apos;, os.arch: &amp;apos;x86_64&amp;apos;, os.version: &amp;apos;10.6.8&amp;apos;, java.version: &amp;apos;1.6.0_31&amp;apos;
Driver info: org.openqa.selenium.chrome.ChromeDriver
Command duration or timeout: 91.41 seconds
Build info: version: &amp;apos;2.33.0&amp;apos;, revision: &amp;apos;4ecaf82108b2a6cc6f006aae81961236eba93358&amp;apos;, time: &amp;apos;2013-05-22 12:00:17&amp;apos;
System info: os.name: &amp;apos;Linux&amp;apos;, os.arch: &amp;apos;i386&amp;apos;, os.version: &amp;apos;3.5.0-17-generic&amp;apos;, java.version: &amp;apos;1.7.0_15&amp;apos;
Driver info: org.openqa.selenium.remote.RemoteWebDriver">
      <![CDATA[org.openqa.selenium.WebDriverException: Unable to either launch or connect to Chrome. Please check that ChromeDriver is up-to-date. Using Chrome binary at: /Applications/Google Chrome.app/Contents/MacOS/Google Chrome (WARNING: The server did not provide any stacktrace information)
Command duration or timeout: 91.23 seconds
Build info: version: '2.33.0', revision: '4e90c97', time: '2013-05-22 15:32:38'
System info: os.name: 'Mac OS X', os.arch: 'x86_64', os.version: '10.6.8', java.version: '1.6.0_31'
Driver info: org.openqa.selenium.chrome.ChromeDriver
Command duration or timeout: 91.41 seconds
Build info: version: '2.33.0', revision: '4ecaf82108b2a6cc6f006aae81961236eba93358', time: '2013-05-22 12:00:17'
System info: os.name: 'Linux', os.arch: 'i386', os.version: '3.5.0-17-generic', java.version: '1.7.0_15'
Driver info: org.openqa.selenium.remote.RemoteWebDriver
	at sun.reflect.NativeConstructorAccessorImpl.newInstance0(Native Method)
	at sun.reflect.NativeConstructorAccessorImpl.newInstance(NativeConstructorAccessorImpl.java:57)
	at sun.reflect.DelegatingConstructorAccessorImpl.newInstance(DelegatingConstructorAccessorImpl.java:45)
	at java.lang.reflect.Constructor.newInstance(Constructor.java:525)
	at org.openqa.selenium.remote.ErrorHandler.createThrowable(ErrorHandler.java:191)
	at org.openqa.selenium.remote.ErrorHandler.throwIfResponseFailed(ErrorHandler.java:145)
	at org.openqa.selenium.remote.RemoteWebDriver.execute(RemoteWebDriver.java:554)
	at org.openqa.selenium.remote.RemoteWebDriver.startSession(RemoteWebDriver.java:216)
	at org.openqa.selenium.remote.RemoteWebDriver.<init>(RemoteWebDriver.java:111)
	at org.openqa.selenium.remote.RemoteWebDriver.<init>(RemoteWebDriver.java:129)
	at seleniumTests.RemoteSetupAbraxas.testAbraxas1(RemoteSetupAbraxas.java:32)
	at sun.reflect.NativeMethodAccessorImpl.invoke0(Native Method)
	at sun.reflect.NativeMethodAccessorImpl.invoke(NativeMethodAccessorImpl.java:57)
	at sun.reflect.DelegatingMethodAccessorImpl.invoke(DelegatingMethodAccessorImpl.java:43)
	at java.lang.reflect.Method.invoke(Method.java:601)
	at org.testng.internal.MethodInvocationHelper.invokeMethod(MethodInvocationHelper.java:80)
	at org.testng.internal.Invoker.invokeMethod(Invoker.java:714)
	at org.testng.internal.Invoker.invokeTestMethod(Invoker.java:901)
	at org.testng.internal.Invoker.invokeTestMethods(Invoker.java:1231)
	at org.testng.internal.TestMethodWorker.invokeTestMethods(TestMethodWorker.java:127)
	at org.testng.internal.TestMethodWorker.run(TestMethodWorker.java:111)
	at java.util.concurrent.ThreadPoolExecutor.runWorker(ThreadPoolExecutor.java:1145)
	at java.util.concurrent.ThreadPoolExecutor$Worker.run(ThreadPoolExecutor.java:615)
	at java.lang.Thread.run(Thread.java:722)
Caused by: org.openqa.selenium.WebDriverException: Unable to either launch or connect to Chrome. Please check that ChromeDriver is up-to-date. Using Chrome binary at: /Applications/Google Chrome.app/Contents/MacOS/Google Chrome (WARNING: The server did not provide any stacktrace information)
Command duration or timeout: 91.23 seconds
Build info: version: '2.33.0', revision: '4e90c97', time: '2013-05-22 15:32:38'
System info: os.name: 'Mac OS X', os.arch: 'x86_64', os.version: '10.6.8', java.version: '1.6.0_31'
Driver info: org.openqa.selenium.chrome.ChromeDriver
Build info: version: '2.33.0', revision: '4ecaf82108b2a6cc6f006aae81961236eba93358', time: '2013-05-22 12:00:17'
System info: os.name: 'Linux', os.arch: 'i386', os.version: '3.5.0-17-generic', java.version: '1.7.0_15'
Driver info: driver.version: ChromeDriver
	at sun.reflect.NativeConstructorAccessorImpl.newInstance0(Native Method)
	at sun.reflect.NativeConstructorAccessorImpl.newInstance(NativeConstructorAccessorImpl.java:39)
	at sun.reflect.DelegatingConstructorAccessorImpl.newInstance(DelegatingConstructorAccessorImpl.java:27)
	at java.lang.reflect.Constructor.newInstance(Constructor.java:513)
	at org.openqa.selenium.remote.ErrorHandler.createThrowable(ErrorHandler.java:191)
	at org.openqa.selenium.remote.ErrorHandler.throwIfResponseFailed(ErrorHandler.java:145)
	at org.openqa.selenium.remote.RemoteWebDriver.execute(RemoteWebDriver.java:554)
	at org.openqa.selenium.remote.RemoteWebDriver.startSession(RemoteWebDriver.java:216)
	at org.openqa.selenium.remote.RemoteWebDriver.<init>(RemoteWebDriver.java:111)
	at org.openqa.selenium.remote.RemoteWebDriver.<init>(RemoteWebDriver.java:115)
	at org.openqa.selenium.chrome.ChromeDriver.<init>(ChromeDriver.java:150)
	at org.openqa.selenium.chrome.ChromeDriver.<init>(ChromeDriver.java:129)
	at sun.reflect.NativeConstructorAccessorImpl.newInstance0(Native Method)
	at sun.reflect.NativeConstructorAccessorImpl.newInstance(NativeConstructorAccessorImpl.java:39)
	at sun.reflect.DelegatingConstructorAccessorImpl.newInstance(DelegatingConstructorAccessorImpl.java:27)
	at java.lang.reflect.Constructor.newInstance(Constructor.java:513)
	at org.openqa.selenium.remote.server.DefaultDriverFactory.callConstructor(DefaultDriverFactory.java:62)
	at org.openqa.selenium.remote.server.DefaultDriverFactory.newInstance(DefaultDriverFactory.java:56)
	at org.openqa.selenium.remote.server.DefaultSession$BrowserCreator.call(DefaultSession.java:215)
	at org.openqa.selenium.remote.server.DefaultSession$BrowserCreator.call(DefaultSession.java:1)
	at java.util.concurrent.FutureTask$Sync.innerRun(FutureTask.java:303)
	at java.util.concurrent.FutureTask.run(FutureTask.java:138)
	at org.openqa.selenium.remote.server.DefaultSession$1.run(DefaultSession.java:169)
	at java.util.concurrent.ThreadPoolExecutor$Worker.runTask(ThreadPoolExecutor.java:886)
	at java.util.concurrent.ThreadPoolExecutor$Worker.run(ThreadPoolExecutor.java:908)
	at java.lang.Thread.run(Thread.java:680)
]]>
    </failure>
  </testcase> <!-- testAbraxas1 -->
</testsuite> <!-- Default test -->
